[  0%] Building C object CMakeFiles/firestaff_m10.dir/src/csb/csb_v1_chaos_magic_pc34_compat.c.o
[  0%] Building C object CMakeFiles/firestaff_m10.dir/src/csb/csb_v1_character_pc34_compat.c.o
[  0%] Building C object CMakeFiles/firestaff_m10.dir/src/csb/csb_v1_dungeon_loader_pc34_compat.c.o
[  3%] Building C object CMakeFiles/firestaff_m10.dir/src/csb/csb_v1_dungeon_world_pc34_compat.c.o
[  3%] Building C object CMakeFiles/firestaff_m10.dir/src/csb/csb_v1_game_state_pc34_compat.c.o
[  3%] Building C object CMakeFiles/firestaff_m10.dir/src/csb/csb_v1_monster_pc34_compat.c.o
[  3%] Building C object CMakeFiles/firestaff_m10.dir/src/csb/csb_v1_save_load_pc34_compat.c.o
[  3%] Building C object CMakeFiles/firestaff_m10.dir/src/csb/csb_v1_viewport_pc34_compat.c.o
[  3%] Building C object CMakeFiles/firestaff_m10.dir/src/dm1/dm1_v1_blit_fill_pc34_compat.c.o
[  3%] Building C object CMakeFiles/firestaff_m10.dir/src/dm1/dm1_v1_champion_needs_pc34_compat.c.o
[  6%] Building C object CMakeFiles/firestaff_m10.dir/src/dm1/dm1_v1_champion_panel_hud_pc34_compat.c.o
[  6%] Building C object CMakeFiles/firestaff_m10.dir/src/dm1/dm1_v1_champion_stats_pc34_compat.c.o
[  6%] Building C object CMakeFiles/firestaff_m10.dir/src/dm1/dm1_v1_click_routing_pc34_compat.c.o
[  6%] Building C object CMakeFiles/firestaff_m10.dir/src/dm1/dm1_v1_collision_door_pc34_compat.c.o
[  6%] Building C object CMakeFiles/firestaff_m10.dir/src/dm1/dm1_v1_combat_pc34_compat.c.o
[  6%] Building C object CMakeFiles/firestaff_m10.dir/src/dm1/dm1_v1_creature_ai_behavior_pc34_compat.c.o
[  6%] Building C object CMakeFiles/firestaff_m10.dir/src/dm1/dm1_v1_creature_render_pc34_compat.c.o
[  9%] Building C object CMakeFiles/firestaff_m10.dir/src/dm1/dm1_v1_creature_sound_pc34_compat.c.o
[  9%] Building C object CMakeFiles/firestaff_m10.dir/src/dm1/dm1_v1_creature_viewport_pc34_compat.c.o
[  9%] Building C object CMakeFiles/firestaff_m10.dir/src/dm1/dm1_v1_dialog_scroll_pc34_compat.c.o
[  9%] Building C object CMakeFiles/firestaff_m10.dir/src/dm1/dm1_v1_draw_primitives_pc34_compat.c.o
[  9%] Building C object CMakeFiles/firestaff_m10.dir/src/dm1/dm1_v1_dungeon_data_pc34_compat.c.o
[  9%] Building C object CMakeFiles/firestaff_m10.dir/src/dm1/dm1_v1_dungeon_decompressor_pc34_compat.c.o
[  9%] Building C object CMakeFiles/firestaff_m10.dir/src/dm1/dm1_v1_dungeon_loader_pc34_compat.c.o
[ 12%] Building C object CMakeFiles/firestaff_m10.dir/src/dm1/dm1_v1_dungeon_square_structs_pc34_compat.c.o
[ 12%] Building C object CMakeFiles/firestaff_m10.dir/src/dm1/dm1_v1_endgame_system_pc34_compat.c.o
[ 12%] Building C object CMakeFiles/firestaff_m10.dir/src/dm1/dm1_v1_entrance_champion_select_pc34_compat.c.o
[ 12%] Building C object CMakeFiles/firestaff_m10.dir/src/dm1/dm1_v1_event_timer_pc34_compat.c.o
[ 12%] Building C object CMakeFiles/firestaff_m10.dir/src/dm1/dm1_v1_fade_transition_pc34_compat.c.o
[ 12%] Building C object CMakeFiles/firestaff_m10.dir/src/dm1/dm1_v1_field_teleporter_effect_pc34_compat.c.o
[ 15%] Building C object CMakeFiles/firestaff_m10.dir/src/dm1/dm1_v1_food_water_pc34_compat.c.o
[ 15%] Building C object CMakeFiles/firestaff_m10.dir/src/dm1/dm1_v1_game_loop_integration_pc34_compat.c.o
[ 15%] Building C object CMakeFiles/firestaff_m10.dir/src/dm1/dm1_v1_game_loop_pc34_compat.c.o
[ 15%] Building C object CMakeFiles/firestaff_m10.dir/src/dm1/dm1_v1_game_over_pc34_compat.c.o
[ 15%] Building C object CMakeFiles/firestaff_m10.dir/src/dm1/dm1_v1_game_state_pc34_compat.c.o
[ 15%] Building C object CMakeFiles/firestaff_m10.dir/src/dm1/dm1_v1_graphics_loader_pc34_compat.c.o
[ 15%] Building C object CMakeFiles/firestaff_m10.dir/src/dm1/dm1_v1_group_management_pc34_compat.c.o
[ 18%] Building C object CMakeFiles/firestaff_m10.dir/src/dm1/dm1_v1_input_command_queue_pc34_compat.c.o
[ 18%] Building C object CMakeFiles/firestaff_m10.dir/src/dm1/dm1_v1_input_poll_pc34_compat.c.o
[ 18%] Building C object CMakeFiles/firestaff_m10.dir/src/dm1/dm1_v1_inventory_consumables_pc34_compat.c.o
[ 18%] Building C object CMakeFiles/firestaff_m10.dir/src/dm1/dm1_v1_inventory_pc34_compat.c.o
[ 18%] Building C object CMakeFiles/firestaff_m10.dir/src/dm1/dm1_v1_light_pc34_compat.c.o
[ 18%] Building C object CMakeFiles/firestaff_m10.dir/src/dm1/dm1_v1_menu_render_pc34_compat.c.o
[ 18%] Building C object CMakeFiles/firestaff_m10.dir/src/dm1/dm1_v1_movement_command_core_pc34_compat.c.o
[ 21%] Building C object CMakeFiles/firestaff_m10.dir/src/dm1/dm1_v1_movement_pc34_compat.c.o
[ 21%] Building C object CMakeFiles/firestaff_m10.dir/src/dm1/dm1_v1_movement_timing_pc34_compat.c.o
[ 21%] Building C object CMakeFiles/firestaff_m10.dir/src/dm1/dm1_v1_movement_pipeline_pc34_compat.c.o
[ 21%] Building C object CMakeFiles/firestaff_m10.dir/src/dm1/dm1_v1_object_interaction_pc34_compat.c.o
[ 21%] Building C object CMakeFiles/firestaff_m10.dir/src/dm1/dm1_v1_object_world_pc34_compat.c.o
[ 21%] Building C object CMakeFiles/firestaff_m10.dir/src/dm1/dm1_v1_palette_font_pc34_compat.c.o
[ 24%] Building C object CMakeFiles/firestaff_m10.dir/src/dm1/dm1_v1_portrait_panel_pc34_compat.c.o
[ 24%] Building C object CMakeFiles/firestaff_m10.dir/src/dm1/dm1_v1_projectile_explosion_render_pc34_compat.c.o
[ 24%] Building C object CMakeFiles/firestaff_m10.dir/src/dm1/dm1_v1_resurrection_pc34_compat.c.o
[ 24%] Building C object CMakeFiles/firestaff_m10.dir/src/dm1/dm1_v1_room_transition_pc34_compat.c.o
[ 24%] Building C object CMakeFiles/firestaff_m10.dir/src/dm1/dm1_v1_save_load_system_pc34_compat.c.o
[ 24%] Building C object CMakeFiles/firestaff_m10.dir/src/dm1/dm1_v1_screen_framebuffer_pc34_compat.c.o
[ 27%] Building C object CMakeFiles/firestaff_m10.dir/src/dm1/dm1_v1_sensor_trigger_pc34_compat.c.o
[ 27%] Building C object CMakeFiles/firestaff_m10.dir/src/dm1/dm1_v1_skill_experience_pc34_compat.c.o
[ 27%] Building C object CMakeFiles/firestaff_m10.dir/src/dm1/dm1_v1_sound_pc34_compat.c.o
[ 27%] Building C object CMakeFiles/firestaff_m10.dir/src/dm1/dm1_v1_spell_casting_pc34_compat.c.o
[ 27%] Building C object CMakeFiles/firestaff_m10.dir/src/dm1/dm1_v1_spell_effect_render_pc34_compat.c.o
[ 27%] Building C object CMakeFiles/firestaff_m10.dir/src/dm1/dm1_v1_stairs_level_pc34_compat.c.o
[ 27%] Building C object CMakeFiles/firestaff_m10.dir/src/dm1/dm1_v1_teleporter_pit_pc34_compat.c.o
[ 27%] Building C object CMakeFiles/firestaff_m10.dir/src/dm1/dm1_v1_text_message_pc34_compat.c.o
[ 30%] Building C object CMakeFiles/firestaff_m10.dir/src/dm1/dm1_v1_title_screen_pc34_compat.c.o
[ 30%] Building C object CMakeFiles/firestaff_m10.dir/src/dm1/dm1_v1_viewport_3d_pc34_compat.c.o
[ 30%] Building C object CMakeFiles/firestaff_m10.dir/src/dm1/dm1_v1_viewport_click_pc34_compat.c.o
[ 30%] Building C object CMakeFiles/firestaff_m10.dir/src/dm1/dm1_v1_viewport_floor_ceiling_items_pc34_compat.c.o
[ 30%] Building C object CMakeFiles/firestaff_m10.dir/src/dm1/dm1_v1_viewport_fakewall_pc34_compat.c.o
[ 30%] Building C object CMakeFiles/firestaff_m10.dir/src/dm1/dm1_v1_wall_ornament_pc34_compat.c.o
[ 30%] Building C object CMakeFiles/firestaff_m10.dir/src/engine/m11_v1_turning_presentation_pc34_compat.c.o
[ 33%] Building C object CMakeFiles/firestaff_m10.dir/src/frontend/boot_plan_runtime_pc34_compat.c.o
[ 33%] Building C object CMakeFiles/firestaff_m10.dir/src/frontend/boot_plan_script_pc34_compat.c.o
[ 33%] Building C object CMakeFiles/firestaff_m10.dir/src/frontend/boot_program_runtime_pc34_compat.c.o
[ 33%] Building C object CMakeFiles/firestaff_m10.dir/src/frontend/dialog_choice_hit_zones_pc34_compat.c.o
[ 33%] Building C object CMakeFiles/firestaff_m10.dir/src/frontend/boot_sequence_runtime_pc34_compat.c.o
[ 33%] Building C object CMakeFiles/firestaff_m10.dir/src/frontend/dialog_frontend_pc34_compat.c.o
[ 36%] Building C object CMakeFiles/firestaff_m10.dir/src/frontend/dialog_keyboard_auto_choice_pc34_compat.c.o
[ 36%] Building C object CMakeFiles/firestaff_m10.dir/src/frontend/endgame_credits_path_pc34_compat.c.o
[ 36%] Building C object CMakeFiles/firestaff_m10.dir/src/frontend/endgame_frontend_pc34_compat.c.o
[ 36%] Building C object CMakeFiles/firestaff_m10.dir/src/frontend/endgame_restart_quit_pc34_compat.c.o
[ 36%] Building C object CMakeFiles/firestaff_m10.dir/src/frontend/entrance_frontend_pc34_compat.c.o
[ 36%] Building C object CMakeFiles/firestaff_m10.dir/src/frontend/entrance_keyboard_routes_pc34_compat.c.o
[ 36%] Building C object CMakeFiles/firestaff_m10.dir/src/frontend/entrance_mouse_routes_pc34_compat.c.o
[ 39%] Building C object CMakeFiles/firestaff_m10.dir/src/frontend/expand_frontend_pc34_compat.c.o
[ 39%] Building C object CMakeFiles/firestaff_m10.dir/src/frontend/swsh_frontend_pc34_compat.c.o
[ 39%] Building C object CMakeFiles/firestaff_m10.dir/src/frontend/selector_frontend_pc34_compat.c.o
[ 39%] Building C object CMakeFiles/firestaff_m10.dir/src/memory/memory_cache_access_pc34_compat.c.o
[ 39%] Building C object CMakeFiles/firestaff_m10.dir/src/memory/memory_cache_allocate_or_reuse_pc34_compat.c.o
[ 39%] Building C object CMakeFiles/firestaff_m10.dir/src/memory/memory_cache_allocation_boundary_pc34_compat.c.o
[ 39%] Building C object CMakeFiles/firestaff_m10.dir/src/memory/memory_cache_allocator_defrag_pc34_compat.c.o
[ 42%] Building C object CMakeFiles/firestaff_m10.dir/src/memory/memory_cache_allocator_pc34_compat.c.o
[ 42%] Building C object CMakeFiles/firestaff_m10.dir/src/memory/memory_cache_block_pc34_compat.c.o
[ 42%] Building C object CMakeFiles/firestaff_m10.dir/src/memory/memory_cache_compact_used_pc34_compat.c.o
[ 42%] Building C object CMakeFiles/firestaff_m10.dir/src/memory/memory_cache_defrag_apply_pc34_compat.c.o
[ 42%] Building C object CMakeFiles/firestaff_m10.dir/src/memory/memory_cache_defrag_branch_pc34_compat.c.o
[ 42%] Building C object CMakeFiles/firestaff_m10.dir/src/memory/memory_cache_defrag_loop_pc34_compat.c.o
[ 42%] Building C object CMakeFiles/firestaff_m10.dir/src/memory/memory_cache_defrag_orchestrator_pc34_compat.c.o
[ 45%] Building C object CMakeFiles/firestaff_m10.dir/src/memory/memory_cache_defrag_result_pc34_compat.c.o
[ 45%] Building C object CMakeFiles/firestaff_m10.dir/src/memory/memory_cache_frontend_pc34_compat.c.o
[ 45%] Building C object CMakeFiles/firestaff_m10.dir/src/memory/memory_cache_gated_access_pc34_compat.c.o
[ 45%] Building C object CMakeFiles/firestaff_m10.dir/src/memory/memory_cache_index_pc34_compat.c.o
[ 45%] Building C object CMakeFiles/firestaff_m10.dir/src/memory/memory_cache_reuse_pc34_compat.c.o
[ 48%] Building C object CMakeFiles/firestaff_m10.dir/src/memory/memory_cache_segment_scan_pc34_compat.c.o
[ 48%] Building C object CMakeFiles/firestaff_m10.dir/src/memory/memory_cache_reuse_split_pc34_compat.c.o
[ 48%] Building C object CMakeFiles/firestaff_m10.dir/src/memory/memory_cache_timegate_pc34_compat.c.o
[ 48%] Building C object CMakeFiles/firestaff_m10.dir/src/memory/memory_cache_unused_blocks_pc34_compat.c.o
[ 48%] Building C object CMakeFiles/firestaff_m10.dir/src/memory/memory_cache_usage_pc34_compat.c.o
[ 48%] Building C object CMakeFiles/firestaff_m10.dir/src/memory/memory_champion_lifecycle_pc34_compat.c.o
[ 48%] Building C object CMakeFiles/firestaff_m10.dir/src/memory/memory_champion_state_pc34_compat.c.o
[ 48%] Building C object CMakeFiles/firestaff_m10.dir/src/memory/memory_combat_pc34_compat.c.o
[ 51%] Building C object CMakeFiles/firestaff_m10.dir/src/memory/memory_creature_ai_pc34_compat.c.o
[ 51%] Building C object CMakeFiles/firestaff_m10.dir/src/memory/memory_door_action_pc34_compat.c.o
[ 51%] Building C object CMakeFiles/firestaff_m10.dir/src/memory/memory_dungeon_dat_pc34_compat.c.o
[ 51%] Building C object CMakeFiles/firestaff_m10.dir/src/memory/memory_frontend_pc34_compat.c.o
[ 51%] Building C object CMakeFiles/firestaff_m10.dir/src/memory/memory_graphics_dat_allocator_boundary_pc34_compat.c.o
[ 51%] Building C object CMakeFiles/firestaff_m10.dir/src/memory/memory_graphics_dat_allocator_entry_pc34_compat.c.o
[ 51%] Building C object CMakeFiles/firestaff_m10.dir/src/memory/memory_graphics_dat_allocator_orchestrator_pc34_compat.c.o
[ 54%] Building C object CMakeFiles/firestaff_m10.dir/src/memory/memory_graphics_dat_bitmap_path_pc34_compat.c.o
[ 54%] Building C object CMakeFiles/firestaff_m10.dir/src/memory/memory_graphics_dat_bitmap_reuse_pc34_compat.c.o
[ 54%] Building C object CMakeFiles/firestaff_m10.dir/src/memory/memory_graphics_dat_block_index_pc34_compat.c.o
[ 54%] Building C object CMakeFiles/firestaff_m10.dir/src/memory/memory_graphics_dat_boot_pc34_compat.c.o
[ 54%] Building C object CMakeFiles/firestaff_m10.dir/src/memory/memory_graphics_dat_composed_transaction_pc34_compat.c.o
[ 54%] Building C object CMakeFiles/firestaff_m10.dir/src/memory/memory_graphics_dat_defrag_entry_pc34_compat.c.o
[ 57%] Building C object CMakeFiles/firestaff_m10.dir/src/memory/memory_graphics_dat_defrag_loop_pc34_compat.c.o
[ 57%] Building C object CMakeFiles/firestaff_m10.dir/src/memory/memory_graphics_dat_dialog_path_pc34_compat.c.o
[ 57%] Building C object CMakeFiles/firestaff_m10.dir/src/memory/memory_graphics_dat_event_dispatch_pc34_compat.c.o
[ 57%] Building C object CMakeFiles/firestaff_m10.dir/src/memory/memory_graphics_dat_first_frame_pc34_compat.c.o
[ 57%] Building C object CMakeFiles/firestaff_m10.dir/src/memory/memory_graphics_dat_header_pc34_compat.c.o
[ 57%] Building C object CMakeFiles/firestaff_m10.dir/src/memory/memory_graphics_dat_input_command_queue_pc34_compat.c.o
[ 57%] Building C object CMakeFiles/firestaff_m10.dir/src/memory/memory_graphics_dat_main_loop_command_loop_pc34_compat.c.o
[ 60%] Building C object CMakeFiles/firestaff_m10.dir/src/memory/memory_graphics_dat_main_loop_command_pc34_compat.c.o
[ 60%] Building C object CMakeFiles/firestaff_m10.dir/src/memory/memory_graphics_dat_main_loop_command_queue_pc34_compat.c.o
[ 60%] Building C object CMakeFiles/firestaff_m10.dir/src/memory/memory_graphics_dat_main_loop_entry_pc34_compat.c.o
[ 60%] Building C object CMakeFiles/firestaff_m10.dir/src/memory/memory_graphics_dat_main_loop_typed_command_queue_pc34_compat.c.o
[ 60%] Building C object CMakeFiles/firestaff_m10.dir/src/memory/memory_graphics_dat_menu_activate_consequence_pc34_compat.c.o
[ 60%] Building C object CMakeFiles/firestaff_m10.dir/src/memory/memory_graphics_dat_menu_activate_pc34_compat.c.o
[ 60%] Building C object CMakeFiles/firestaff_m10.dir/src/memory/memory_graphics_dat_menu_render_effect_pc34_compat.c.o
[ 63%] Building C object CMakeFiles/firestaff_m10.dir/src/memory/memory_graphics_dat_menu_state_pc34_compat.c.o
[ 63%] Building C object CMakeFiles/firestaff_m10.dir/src/memory/memory_graphics_dat_metadata_pc34_compat.c.o
[ 63%] Building C object CMakeFiles/firestaff_m10.dir/src/memory/memory_graphics_dat_pc34_compat.c.o
[ 63%] Building C object CMakeFiles/firestaff_m10.dir/src/memory/memory_graphics_dat_runtime_transaction_pc34_compat.c.o
[ 63%] Building C object CMakeFiles/firestaff_m10.dir/src/memory/memory_graphics_dat_select_pc34_compat.c.o
[ 63%] Building C object CMakeFiles/firestaff_m10.dir/src/memory/memory_graphics_dat_slots_pc34_compat.c.o
[ 63%] Building C object CMakeFiles/firestaff_m10.dir/src/memory/memory_graphics_dat_special_pc34_compat.c.o
[ 66%] Building C object CMakeFiles/firestaff_m10.dir/src/memory/memory_graphics_dat_startup_dispatch_pc34_compat.c.o
[ 66%] Building C object CMakeFiles/firestaff_m10.dir/src/memory/memory_graphics_dat_startup_pc34_compat.c.o
[ 66%] Building C object CMakeFiles/firestaff_m10.dir/src/memory/memory_graphics_dat_startup_tick_pc34_compat.c.o
[ 66%] Building C object CMakeFiles/firestaff_m10.dir/src/memory/memory_graphics_dat_startup_wiring_pc34_compat.c.o
[ 66%] Building C object CMakeFiles/firestaff_m10.dir/src/memory/memory_graphics_dat_state_pc34_compat.c.o
[ 66%] Building C object CMakeFiles/firestaff_m10.dir/src/memory/memory_graphics_dat_submenu_consequence_pc34_compat.c.o
[ 69%] Building C object CMakeFiles/firestaff_m10.dir/src/memory/memory_graphics_dat_transaction_pc34_compat.c.o
[ 69%] Building C object CMakeFiles/firestaff_m10.dir/src/memory/memory_graphics_dat_viewport_path_pc34_compat.c.o
[ 69%] Building C object CMakeFiles/firestaff_m10.dir/src/memory/memory_graphics_dat_used_list_pc34_compat.c.o
[ 69%] Building C object CMakeFiles/firestaff_m10.dir/src/memory/memory_load_expand_pc34_compat.c.o
[ 69%] Building C object CMakeFiles/firestaff_m10.dir/src/memory/memory_load_pipeline_pc34_compat.c.o
[ 69%] Building C object CMakeFiles/firestaff_m10.dir/src/memory/memory_load_session_pc34_compat.c.o
[ 69%] Building C object CMakeFiles/firestaff_m10.dir/src/memory/memory_load_transaction_pc34_compat.c.o
[ 72%] Building C object CMakeFiles/firestaff_m10.dir/src/memory/memory_load_wrappers_pc34_compat.c.o
[ 72%] Building C object CMakeFiles/firestaff_m10.dir/src/memory/memory_load_wrappers_transaction_pc34_compat.c.o
[ 72%] Building C object CMakeFiles/firestaff_m10.dir/src/memory/memory_magic_pc34_compat.c.o
[ 72%] Building C object CMakeFiles/firestaff_m10.dir/src/memory/memory_movement_pc34_compat.c.o
[ 72%] Building C object CMakeFiles/firestaff_m10.dir/src/memory/memory_native_or_graphic_pc34_compat.c.o
[ 72%] Building C object CMakeFiles/firestaff_m10.dir/src/memory/memory_projectile_pc34_compat.c.o
[ 72%] Building C object CMakeFiles/firestaff_m10.dir/src/memory/memory_runtime_dynamics_pc34_compat.c.o
[ 75%] Building C object CMakeFiles/firestaff_m10.dir/src/memory/memory_savegame_pc34_compat.c.o
[ 75%] Building C object CMakeFiles/firestaff_m10.dir/src/memory/memory_sensor_execution_pc34_compat.c.o
[ 75%] Building C object CMakeFiles/firestaff_m10.dir/src/memory/memory_tick_orchestrator_pc34_compat.c.o
[ 75%] Building C object CMakeFiles/firestaff_m10.dir/src/memory/memory_timeline_pc34_compat.c.o
[ 75%] Building C object CMakeFiles/firestaff_m10.dir/src/shared/action_area_icon_routes_pc34_compat.c.o
[ 75%] Building C object CMakeFiles/firestaff_m10.dir/src/shared/action_area_name_routes_pc34_compat.c.o
[ 75%] Building C object CMakeFiles/firestaff_m10.dir/src/shared/action_area_routes_pc34_compat.c.o
[ 78%] Building C object CMakeFiles/firestaff_m10.dir/src/shared/bitmap_call_pc34_compat.c.o
[ 78%] Building C object CMakeFiles/firestaff_m10.dir/src/shared/bitmap_copy_pc34_compat.c.o
[ 78%] Building C object CMakeFiles/firestaff_m10.dir/src/shared/byteops_pc34_compat.c.o
[ 78%] Building C object CMakeFiles/firestaff_m10.dir/src/shared/champion_name_hand_routes_pc34_compat.c.o
[ 78%] Building C object CMakeFiles/firestaff_m10.dir/src/shared/champion_names_hands_split_pc34_compat.c.o
[ 78%] Building C object CMakeFiles/firestaff_m10.dir/src/shared/champion_status_slotbox_pc34_compat.c.o
[ 81%] Building C object CMakeFiles/firestaff_m10.dir/src/shared/derived_bitmap_cache_pc34_compat.c.o
[ 81%] Building C object CMakeFiles/firestaff_m10.dir/src/shared/dungeon_view_door_ornament_routes_pc34_compat.c.o
[ 81%] Building C object CMakeFiles/firestaff_m10.dir/src/shared/frozen_game_input_routes_pc34_compat.c.o
[ 81%] Building C object CMakeFiles/firestaff_m10.dir/src/shared/graphics_dat_entry_classify_pc34_compat.c.o
[ 81%] Building C object CMakeFiles/firestaff_m10.dir/src/shared/host_video_pgm_backend_pc34_compat.c.o
[ 81%] Building C object CMakeFiles/firestaff_m10.dir/src/shared/image_backend_pc34_compat.c.o
[ 81%] Building C object CMakeFiles/firestaff_m10.dir/src/shared/image_expand_pc34_compat.c.o
[ 84%] Building C object CMakeFiles/firestaff_m10.dir/src/shared/interface_keyboard_routes_pc34_compat.c.o
[ 84%] Building C object CMakeFiles/firestaff_m10.dir/src/shared/inventory_item_identification_pc34_compat.c.o
[ 84%] Building C object CMakeFiles/firestaff_m10.dir/src/shared/inventory_mouth_eye_routes_pc34_compat.c.o
[ 84%] Building C object CMakeFiles/firestaff_m10.dir/src/shared/inventory_panel_routes_pc34_compat.c.o
[ 84%] Building C object CMakeFiles/firestaff_m10.dir/src/shared/inventory_panel_slot_routes_pc34_compat.c.o
[ 84%] Building C object CMakeFiles/firestaff_m10.dir/src/shared/inventory_slotbox_pc34_compat.c.o
[ 84%] Building C object CMakeFiles/firestaff_m10.dir/src/shared/late_special_dispatch_pc34_compat.c.o
[ 87%] Building C object CMakeFiles/firestaff_m10.dir/src/shared/multi_frame_runtime_driver_pc34_compat.c.o
[ 87%] Building C object CMakeFiles/firestaff_m10.dir/src/shared/panel_chest_mouse_routes_pc34_compat.c.o
[ 87%] Building C object CMakeFiles/firestaff_m10.dir/src/shared/party_resting_input_routes_pc34_compat.c.o
[ 87%] Building C object CMakeFiles/firestaff_m10.dir/src/shared/rename_route_family_pc34_compat.c.o
[ 87%] Building C object CMakeFiles/firestaff_m10.dir/src/shared/resurrect_reincarnate_cancel_routes_pc34_compat.c.o
[ 87%] Building C object CMakeFiles/firestaff_m10.dir/src/shared/save_rest_toggle_consequences_pc34_compat.c.o
[ 87%] Building C object CMakeFiles/firestaff_m10.dir/src/shared/screen_bitmap_export_pgm_pc34_compat.c.o
[ 90%] Building C object CMakeFiles/firestaff_m10.dir/src/shared/screen_bitmap_export_ppm_falsecolor_pc34_compat.c.o
[ 90%] Building C object CMakeFiles/firestaff_m10.dir/src/shared/screen_bitmap_export_ppm_vga_pc34_compat.c.o
[ 90%] Building C object CMakeFiles/firestaff_m10.dir/src/shared/screen_bitmap_present_pc34_compat.c.o
[ 90%] Building C object CMakeFiles/firestaff_m10.dir/src/shared/special_palette_constants_pc34_compat.c.o
[ 90%] Building C object CMakeFiles/firestaff_m10.dir/src/shared/spell_area_routes_pc34_compat.c.o
[ 90%] Building C object CMakeFiles/firestaff_m10.dir/src/shared/spell_area_symbol_routes_pc34_compat.c.o
[ 93%] Building C object CMakeFiles/firestaff_m10.dir/src/shared/startup_runtime_driver_pc34_compat.c.o
[ 93%] Building C object CMakeFiles/firestaff_m10.dir/src/shared/stateful_boot_plan_reachability_pc34_compat.c.o
[ 93%] Building C object CMakeFiles/firestaff_m10.dir/src/shared/stateful_runtime_driver_pc34_compat.c.o
[ 93%] Building C object CMakeFiles/firestaff_m10.dir/src/shared/touch_click_zone_matrix_pc34_compat.c.o
[ 93%] Building C object CMakeFiles/firestaff_m10.dir/src/shared/touch_pointer_input_pc34_compat.c.o
[ 93%] Building C object CMakeFiles/firestaff_m10.dir/src/shared/vga_palette_pc34_compat.c.o
[ 93%] Building C object CMakeFiles/firestaff_m10.dir/src/shared/dungeon_decompressor_ftl.c.o
[ 96%] Linking C static library libfirestaff_m10.a
[ 96%] Built target firestaff_m10
[100%] Building C object CMakeFiles/test_dm1_v1_combat_pc34_compat_integration.dir/src/dm1/dm1_v1_combat_pc34_compat.c.o
[100%] Building C object CMakeFiles/test_dm1_v1_combat_pc34_compat_integration.dir/tests/test_dm1_v1_combat_pc34_compat_integration.c.o
[100%] Linking C executable test_dm1_v1_combat_pc34_compat_integration
[100%] Built target test_dm1_v1_combat_pc34_compat_integration
[ 86%] Built target firestaff_m10
[ 86%] Building C object CMakeFiles/firestaff_m11.dir/src/engine/main_loop_m11.c.o
[ 86%] Building C object CMakeFiles/firestaff_m11.dir/src/engine/firestaff_accessibility.c.o
/home/trv2/work/firestaff-worktrees/combat-defense-breakage-poison-20260520/src/engine/firestaff_accessibility.c: In function ‘fs_ax_set_enabled’:
/home/trv2/work/firestaff-worktrees/combat-defense-breakage-poison-20260520/src/engine/firestaff_accessibility.c:139:13: warning: unused variable ‘tlen’ [-Wunused-variable]
  139 |         int tlen = dlen + 1 + nlen;
      |             ^~~~
/home/trv2/work/firestaff-worktrees/combat-defense-breakage-poison-20260520/src/engine/firestaff_accessibility.c:145:26: warning: ‘%s’ directive output may be truncated writing 18 bytes into a region of size between 0 and 255 [-Wformat-truncation=]
  145 |                      "%s/%s", g_home_dir, JSON_FILENAME);
      |                          ^~
In file included from /usr/include/stdio.h:980,
                 from /home/trv2/work/firestaff-worktrees/combat-defense-breakage-poison-20260520/src/engine/firestaff_accessibility.c:13:
In function ‘snprintf’,
    inlined from ‘fs_ax_set_enabled’ at /home/trv2/work/firestaff-worktrees/combat-defense-breakage-poison-20260520/src/engine/firestaff_accessibility.c:144:13:
/usr/include/x86_64-linux-gnu/bits/stdio2.h:54:10: note: ‘__builtin___snprintf_chk’ output between 20 and 275 bytes into a destination of size 256
   54 |   return __builtin___snprintf_chk (__s, __n, __USE_FORTIFY_LEVEL - 1,
      |          ^~~~~~~~~~~~~~~~~~~~~~~~~~~~~~~~~~~~~~~~~~~~~~~~~~~~~~~~~~~~
   55 |                                    __glibc_objsize (__s), __fmt,
      |                                    ~~~~~~~~~~~~~~~~~~~~~~~~~~~~~
   56 |                                    __va_arg_pack ());
      |                                    ~~~~~~~~~~~~~~~~~
/home/trv2/work/firestaff-worktrees/combat-defense-breakage-poison-20260520/src/engine/firestaff_accessibility.c: In function ‘fs_ax_set_enabled’:
/home/trv2/work/firestaff-worktrees/combat-defense-breakage-poison-20260520/src/engine/firestaff_accessibility.c:147:25: warning: ‘%s’ directive output may be truncated writing 4 bytes into a region of size between 1 and 256 [-Wformat-truncation=]
  147 |                      "%s%s", g_json_path, TMP_SUFFIX);
      |                         ^~
In function ‘snprintf’,
    inlined from ‘fs_ax_set_enabled’ at /home/trv2/work/firestaff-worktrees/combat-defense-breakage-poison-20260520/src/engine/firestaff_accessibility.c:146:13:
/usr/include/x86_64-linux-gnu/bits/stdio2.h:54:10: note: ‘__builtin___snprintf_chk’ output between 5 and 260 bytes into a destination of size 256
   54 |   return __builtin___snprintf_chk (__s, __n, __USE_FORTIFY_LEVEL - 1,
      |          ^~~~~~~~~~~~~~~~~~~~~~~~~~~~~~~~~~~~~~~~~~~~~~~~~~~~~~~~~~~~
   55 |                                    __glibc_objsize (__s), __fmt,
      |                                    ~~~~~~~~~~~~~~~~~~~~~~~~~~~~~
   56 |                                    __va_arg_pack ());
      |                                    ~~~~~~~~~~~~~~~~~
/home/trv2/work/firestaff-worktrees/combat-defense-breakage-poison-20260520/src/engine/main_loop_m11.c: In function ‘M11_PhaseA_Run’:
/home/trv2/work/firestaff-worktrees/combat-defense-breakage-poison-20260520/src/engine/main_loop_m11.c:1697:9: warning: ignoring return value of ‘getenv’ declared with attribute ‘warn_unused_result’ [-Wunused-result]
 1697 |     if (getenv("FS_ACCESSIBILITY") || 1) {
      |         ^~~~~~~~~~~~~~~~~~~~~~~~~~
[ 86%] Building C object CMakeFiles/firestaff_m11.dir/src/engine/m11_game_view.c.o
/home/trv2/work/firestaff-worktrees/combat-defense-breakage-poison-20260520/src/engine/m11_game_view.c: In function ‘m11_check_group_death_and_drop’:
/home/trv2/work/firestaff-worktrees/combat-defense-breakage-poison-20260520/src/engine/m11_game_view.c:4088:17: warning: unused variable ‘pIdx’ [-Wunused-variable]
 4088 |             int pIdx = THING_GET_INDEX(possession);
      |                 ^~~~
/home/trv2/work/firestaff-worktrees/combat-defense-breakage-poison-20260520/src/engine/m11_game_view.c:4087:17: warning: unused variable ‘pType’ [-Wunused-variable]
 4087 |             int pType = THING_GET_TYPE(possession);
      |                 ^~~~~
[ 86%] Building C object CMakeFiles/firestaff_m11.dir/src/engine/render_sdl_m11.c.o
[ 86%] Building C object CMakeFiles/firestaff_m11.dir/src/shared/audio_sdl_m11.c.o
[ 86%] Building C object CMakeFiles/firestaff_m11.dir/src/shared/graphics_dat_snd3_loader_v1.c.o
[ 89%] Building C object CMakeFiles/firestaff_m11.dir/src/shared/song_dat_loader_v1.c.o
[ 89%] Building C object CMakeFiles/firestaff_m11.dir/src/shared/sound_event_snd3_map_v1.c.o
[ 89%] Building C object CMakeFiles/firestaff_m11.dir/src/frontend/title_dat_loader_v1.c.o
[ 89%] Building C object CMakeFiles/firestaff_m11.dir/src/frontend/title_frontend_v1.c.o
[ 89%] Building C object CMakeFiles/firestaff_m11.dir/src/shared/asset_loader_m11.c.o
[ 89%] Building C object CMakeFiles/firestaff_m11.dir/src/shared/dungeon_decompressor_ftl.c.o
[ 91%] Building C object CMakeFiles/firestaff_m11.dir/src/shared/font_m11.c.o
[ 91%] Building C object CMakeFiles/firestaff_m11.dir/src/shared/fs_portable_compat.c.o
[ 91%] Building C object CMakeFiles/firestaff_m11.dir/src/dm1/dm1_v1_vblank_timing.c.o
[ 91%] Building C object CMakeFiles/firestaff_m11.dir/src/dm1/dm1_v1_save_load.c.o
[ 91%] Building C object CMakeFiles/firestaff_m11.dir/src/dm1/dm1_v1_viewport_3d_pc34_compat.c.o
[ 91%] Building C object CMakeFiles/firestaff_m11.dir/src/dm1/dm1_v1_dungeon_loader_pc34_compat.c.o
[ 91%] Building C object CMakeFiles/firestaff_m11.dir/src/dm1/dm1_v1_title_screen_pc34_compat.c.o
[ 94%] Building C object CMakeFiles/firestaff_m11.dir/src/dm1/dm1_v1_palette_font_pc34_compat.c.o
[ 94%] Building C object CMakeFiles/firestaff_m11.dir/src/dm1/dm1_v1_object_world_pc34_compat.c.o
[ 94%] Building C object CMakeFiles/firestaff_m11.dir/src/dm1/dm1_v1_graphics_loader_pc34_compat.c.o
[ 94%] Building C object CMakeFiles/firestaff_m11.dir/src/dm1/dm1_v1_fade_transition_pc34_compat.c.o
[ 94%] Building C object CMakeFiles/firestaff_m11.dir/src/dm1/dm1_v1_room_transition_pc34_compat.c.o
[ 94%] Building C object CMakeFiles/firestaff_m11.dir/src/dm1/dm1_v1_portrait_panel_pc34_compat.c.o
[ 94%] Building C object CMakeFiles/firestaff_m11.dir/src/dm1/dm1_v1_wall_ornament_pc34_compat.c.o
[ 97%] Building C object CMakeFiles/firestaff_m11.dir/src/dm1/dm1_v1_dungeon_decompressor_pc34_compat.c.o
[ 97%] Building C object CMakeFiles/firestaff_m11.dir/src/dm1/dm1_v1_field_teleporter_effect_pc34_compat.c.o
[ 97%] Building C object CMakeFiles/firestaff_m11.dir/src/dm1/dm1_v1_game_loop_integration_pc34_compat.c.o
[ 97%] Building C object CMakeFiles/firestaff_m11.dir/src/dm1/dm1_v1_creature_viewport_pc34_compat.c.o
[ 97%] Building C object CMakeFiles/firestaff_m11.dir/src/dm1/dm1_v1_save_load_system_pc34_compat.c.o
[ 97%] Building C object CMakeFiles/firestaff_m11.dir/src/dm1/dm1_v1_blit_fill_pc34_compat.c.o
[ 97%] Building C object CMakeFiles/firestaff_m11.dir/src/dm1/dm1_v1_dialog_scroll_pc34_compat.c.o
In function ‘m11_creature_attack_party’,
    inlined from ‘m11_process_one_creature_group’ at /home/trv2/work/firestaff-worktrees/combat-defense-breakage-poison-20260520/src/engine/m11_game_view.c:4304:13,
    inlined from ‘m11_process_creature_ticks’ at /home/trv2/work/firestaff-worktrees/combat-defense-breakage-poison-20260520/src/engine/m11_game_view.c:4371:21,
    inlined from ‘m11_process_creature_ticks’ at /home/trv2/work/firestaff-worktrees/combat-defense-breakage-poison-20260520/src/engine/m11_game_view.c:4338:13:
/home/trv2/work/firestaff-worktrees/combat-defense-breakage-poison-20260520/src/engine/m11_game_view.c:4206:53: warning: array subscript 7 is above array bounds of ‘short unsigned int[4]’ [-Warray-bounds=]
 4206 |             int parrySkill = (int)champ->skillLevels[7]; /* SKILL_PARRY = 7 */
      |                                   ~~~~~~~~~~~~~~~~~~^~~
In file included from /home/trv2/work/firestaff-worktrees/combat-defense-breakage-poison-20260520/include/memory_tick_orchestrator_pc34_compat.h:68,
                 from /home/trv2/work/firestaff-worktrees/combat-defense-breakage-poison-20260520/include/m11_game_view.h:5,
                 from /home/trv2/work/firestaff-worktrees/combat-defense-breakage-poison-20260520/src/engine/m11_game_view.c:1:
/home/trv2/work/firestaff-worktrees/combat-defense-breakage-poison-20260520/include/memory_champion_state_pc34_compat.h: In function ‘m11_process_creature_ticks’:
/home/trv2/work/firestaff-worktrees/combat-defense-breakage-poison-20260520/include/memory_champion_state_pc34_compat.h:105:20: note: while referencing ‘skillLevels’
  105 |     unsigned short skillLevels[CHAMPION_SKILL_COUNT];
      |                    ^~~~~~~~~~~
[100%] Building C object CMakeFiles/firestaff_m11.dir/src/dm1/dm1_v1_text_message_pc34_compat.c.o
[100%] Building C object CMakeFiles/firestaff_m11.dir/src/dm1/dm1_v1_inventory_consumables_pc34_compat.c.o
[100%] Building C object CMakeFiles/firestaff_m11.dir/src/dm1/dm1_v1_click_routing_pc34_compat.c.o
[100%] Building C object CMakeFiles/firestaff_m11.dir/src/shared/firestaff_po_loader.c.o
/home/trv2/work/firestaff-worktrees/combat-defense-breakage-poison-20260520/src/shared/firestaff_po_loader.c: In function ‘fs_po_load’:
/home/trv2/work/firestaff-worktrees/combat-defense-breakage-poison-20260520/src/shared/firestaff_po_loader.c:43:9: warning: variable ‘in_msgstr’ set but not used [-Wunused-but-set-variable]
   43 |     int in_msgstr = 0;
      |         ^~~~~~~~~
/home/trv2/work/firestaff-worktrees/combat-defense-breakage-poison-20260520/src/shared/firestaff_po_loader.c:63:13: warning: ‘__builtin_strncpy’ output may be truncated copying 255 bytes from a string of length 504 [-Wstringop-truncation]
   63 |             strncpy(msgstr, line + 7, FS_PO_MAX_LEN - 1);
      |             ^
/home/trv2/work/firestaff-worktrees/combat-defense-breakage-poison-20260520/src/shared/firestaff_po_loader.c:67:17: warning: ‘__builtin_strncpy’ output may be truncated copying 255 bytes from a string of length 255 [-Wstringop-truncation]
   67 |                 strncpy(g_catalog.entries[g_catalog.count].msgid, current_msgid, FS_PO_MAX_LEN - 1);
      |                 ^
/home/trv2/work/firestaff-worktrees/combat-defense-breakage-poison-20260520/src/shared/firestaff_po_loader.c:68:17: warning: ‘__builtin_strncpy’ output may be truncated copying 255 bytes from a string of length 255 [-Wstringop-truncation]
   68 |                 strncpy(g_catalog.entries[g_catalog.count].msgstr, msgstr, FS_PO_MAX_LEN - 1);
      |                 ^
/home/trv2/work/firestaff-worktrees/combat-defense-breakage-poison-20260520/src/shared/firestaff_po_loader.c:58:13: warning: ‘__builtin_strncpy’ output may be truncated copying 255 bytes from a string of length 505 [-Wstringop-truncation]
   58 |             strncpy(current_msgid, line + 6, FS_PO_MAX_LEN - 1);
      |             ^
[100%] Building C object CMakeFiles/firestaff_m11.dir/src/dm1/dm1_v1_engine_pc34_compat.c.o
[100%] Linking C static library libfirestaff_m11.a
[100%] Built target firestaff_m11
