route-token wait:9000
route-token enter
route-token wait:1800
route-token one
route-token wait:1800
route-token click:276,140
click-mapped 276,140 -> window-relative 553,281 window=640x400 origin=320,312
route-token wait:2200
route-token one
route-token wait:2500
route-token shot:readiness_preflight
route-token wait:700
route-token kp4
route-token wait:900
route-token shot:turn_left_after_vblank
route-token wait:700
route-token kp6
route-token wait:900
route-token shot:turn_right_after_vblank
route-token wait:700
route-token kp8
route-token wait:1200
route-token shot:forward_after_vblank
route-token wait:700
route-token kp4
route-token wait:900
route-token shot:turn_left_2_after_vblank
route-token wait:700
route-token kp6
route-token wait:1200
route-token shot:post_redraw_after_vblank
