window-found 4194321 via search --class DOSBox
window-found 4194330 via search --class DOSBox
capture initial anim_000.png sha=ceb0c2eec633
window-found 4194330 via search --class DOSBox
window-found 4194330 via search --class DOSBox
capture gate01 selector_000.png sha=014ed52c71a0
key Return
window-found 4194330 via search --class DOSBox
capture gate02 selector_000.png sha=014ed52c71a0
key Return
window-found 4194330 via search --class DOSBox
capture gate03 selector_000.png sha=014ed52c71a0
key Return
window-found 4194330 via search --class DOSBox
capture gate04 selector_000.png sha=3ad66a894ed8
window-found 4194330 via search --class DOSBox
capture gate05 selector_000.png sha=0c4d5f573cdd
window-found 4194330 via search --class DOSBox
capture gate06 selector_000.png sha=8bc78f18f48a
key Return
window-found 4194330 via search --class DOSBox
capture gate07 fires_000.png sha=17bd7e878157
key Return
window-found 4194330 via search --class DOSBox
capture gate08 fires_000.png sha=17bd7e878157
key Return
window-found 4194330 via search --class DOSBox
capture gate09 fires_000.png sha=48ed3743ab6a
window-found 4194330 via search --class DOSBox
window_repeat3 111,80 rel=223,161
window-found 4194330 via search --class DOSBox
capture after_click fires_000.png sha=48ed3743ab6a
key F1
window-found 4194330 via search --class DOSBox
capture after_f1 fires_000.png sha=48ed3743ab6a
