window-found 4194321 via search --class DOSBox
window-found 4194330 via search --class DOSBox
capture initial selector_000.png sha=014ed52c71a0
window-found 4194330 via search --class DOSBox
key Return
window-found 4194330 via search --class DOSBox
capture key_Return_2 selector_000.png sha=014ed52c71a0
window-found 4194330 via search --class DOSBox
capture after_enter selector_000.png sha=014ed52c71a0
window-found 4194330 via search --class DOSBox
key F2
window-found 4194330 via search --class DOSBox
capture key_F2_4 selector_000.png sha=92c127e9f422
window-found 4194330 via search --class DOSBox
capture after_f2_roster_lead selector_000.png sha=0120fd3ce481
window-found 4194330 via search --class DOSBox
click 112,60 mapped 225,121 window=640x400
window-found 4194330 via search --class DOSBox
capture click_112_60_6 selector_000.png sha=c620da030e5a
window-found 4194330 via search --class DOSBox
capture after_portrait_probe fires_000.png sha=17bd7e878157
window-found 4194330 via search --class DOSBox
click 92,165 mapped 185,331 window=640x400
window-found 4194330 via search --class DOSBox
capture click_92_165_8 fires_000.png sha=17bd7e878157
window-found 4194330 via search --class DOSBox
capture after_resurrect fires_000.png sha=48ed3743ab6a
window-found 4194330 via search --class DOSBox
click 178,165 mapped 357,331 window=640x400
window-found 4194330 via search --class DOSBox
capture click_178_165_10 fires_000.png sha=48ed3743ab6a
window-found 4194330 via search --class DOSBox
capture after_reincarnate fires_000.png sha=48ed3743ab6a
window-found 4194330 via search --class DOSBox
key F1
window-found 4194330 via search --class DOSBox
capture key_F1_12 fires_000.png sha=48ed3743ab6a
window-found 4194330 via search --class DOSBox
capture f1_readiness fires_000.png sha=48ed3743ab6a
window-found 4194330 via search --class DOSBox
key F4
window-found 4194330 via search --class DOSBox
capture key_F4_14 fires_000.png sha=48ed3743ab6a
window-found 4194330 via search --class DOSBox
capture f4_readiness fires_000.png sha=48ed3743ab6a
