window-found 4194321 via search --class DOSBox
window-found 4194330 via search --class DOSBox
capture initial anim_000.png sha=ab7acc8ca298
window-found 4194330 via search --class DOSBox
window-found 4194330 via search --class DOSBox
capture gate01 selector_000.png sha=014ed52c71a0
key Return
window-found 4194330 via search --class DOSBox
capture gate02 selector_000.png sha=014ed52c71a0
key Return
window-found 4194330 via search --class DOSBox
capture gate03 selector_000.png sha=014ed52c71a0
key Return
window-found 4194330 via search --class DOSBox
capture gate04 selector_000.png sha=3ad66a894ed8
window-found 4194330 via search --class DOSBox
capture gate05 selector_000.png sha=a9da0dd6b19e
window-found 4194330 via search --class DOSBox
capture gate06 selector_000.png sha=d498c3efc218
key Return
window-found 4194330 via search --class DOSBox
capture gate07 fires_000.png sha=17bd7e878157
key Return
window-found 4194330 via search --class DOSBox
capture gate08 fires_000.png sha=17bd7e878157
key Return
window-found 4194330 via search --class DOSBox
capture gate09 fires_000.png sha=48ed3743ab6a
window-found 4194330 via search --class DOSBox
absolute_click 111,82 abs=543,477 rel=223,165
window-found 4194330 via search --class DOSBox
capture after_click fires_000.png sha=48ed3743ab6a
key F1
window-found 4194330 via search --class DOSBox
capture after_f1 fires_000.png sha=48ed3743ab6a
