{
  "checks": [
    {
      "function": "F0097_DUNGEONVIEW_DrawViewport",
      "id": "drawview-presents-after-dungeonview-buffer",
      "missing": [],
      "passed": true,
      "source": "DRAWVIEW.C:709-900",
      "why": "Presentation is a final blit of G0296 after DUNVIEW has replayed walls/objects into the viewport buffer."
    },
    {
      "function": "F0098_DUNGEONVIEW_DrawFloorAndCeiling",
      "id": "floor-ceiling-base-before-wall-replay",
      "missing": [],
      "passed": true,
      "source": "DUNVIEW.C:2962-3003",
      "why": "The renderer starts from a clean floor/ceiling buffer before replaying visible wall zones and contents."
    },
    {
      "function": "F0128_DUNGEONVIEW_Draw_CPSF",
      "id": "f0128-far-to-near-square-replay",
      "missing": [],
      "passed": true,
      "source": "DUNVIEW.C:8318-8618",
      "why": "DUNVIEW replays cells from far D4 through D0 before presentation; later near-side calls naturally occlude earlier far pixels."
    },
    {
      "function": "F0116_DUNGEONVIEW_DrawSquareD3L / F0117_DUNGEONVIEW_DrawSquareD3R / F0118_DUNGEONVIEW_DrawSquareD3C_CPSF",
      "id": "d3-side-wall-occludes-by-early-return",
      "missing": [],
      "passed": true,
      "source": "DUNVIEW.C:6400-6835",
      "why": "A wall square draws its wall zone and normally returns before open-cell content; only alcove wall ornaments intentionally replay contained items."
    },
    {
      "function": "F0115_DUNGEONVIEW_DrawObjectsCreaturesProjectilesExplosions_CPSEF",
      "id": "f0115-ordered-cell-pass-not-depth-sort",
      "missing": [],
      "passed": true,
      "source": "DUNVIEW.C:4547-4910",
      "why": "Within each visible square, F0115 consumes encoded cell order nibbles and rescans the thing list per cell; primitive batching would lose this source order."
    },
    {
      "function": "F0116/F0117/F0118 door-front branches",
      "id": "door-front-two-pass-near-side-replay",
      "missing": [],
      "passed": true,
      "source": "DUNVIEW.C:6428-6816",
      "why": "Door-front squares draw rear-side contents, then the door/frame, then replay front-side contents; this is explicit near-side replay, not a flat depth batch."
    }
  ],
  "gate": "dm1_v1_viewport_wall_draw_order_source_lock",
  "passed": true,
  "source_root": "<redmcsb-source>/Toolchains/Common/Source"
}
