window-found 4194321 via search --class DOSBox
window-found 4194330 via search --class DOSBox
capture initial anim_000.png sha=ceb0c2eec633
window-found 4194330 via search --class DOSBox
window-found 4194330 via search --class DOSBox
capture gate01 selector_000.png sha=014ed52c71a0
key Return
window-found 4194330 via search --class DOSBox
capture gate02 selector_000.png sha=014ed52c71a0
key Return
window-found 4194330 via search --class DOSBox
capture gate03 selector_000.png sha=014ed52c71a0
key Return
window-found 4194330 via search --class DOSBox
capture gate04 selector_000.png sha=3ad66a894ed8
window-found 4194330 via search --class DOSBox
capture gate05 selector_000.png sha=3e1d7584a3aa
window-found 4194330 via search --class DOSBox
capture gate06 selector_000.png sha=f3e2ebb479c1
key Return
window-found 4194330 via search --class DOSBox
capture gate07 fires_000.png sha=17bd7e878157
key Return
window-found 4194330 via search --class DOSBox
capture gate08 fires_000.png sha=17bd7e878157
key Return
window-found 4194330 via search --class DOSBox
capture gate09 fires_000.png sha=48ed3743ab6a
window-found 4194330 via search --class DOSBox
click 111,82 mapped 223,165 window=640x400
window-found 4194330 via search --class DOSBox
capture after_portrait_click fires_000.png sha=48ed3743ab6a
window-found 4194330 via search --class DOSBox
click 186,115 mapped 373,231 window=640x400
window-found 4194330 via search --class DOSBox
capture after_c161_reincarnate fires_000.png sha=48ed3743ab6a
window-found 4194330 via search --class DOSBox
key Return
window-found 4194330 via search --class DOSBox
capture after_confirm_return fires_000.png sha=48ed3743ab6a
window-found 4194330 via search --class DOSBox
key F1
window-found 4194330 via search --class DOSBox
capture after_f1_probe fires_000.png sha=48ed3743ab6a
window-found 4194330 via search --class DOSBox
key F4
window-found 4194330 via search --class DOSBox
capture after_f4_probe fires_000.png sha=48ed3743ab6a
