ALSA lib seq_hw.c:528:(snd_seq_hw_open) open /dev/snd/seq failed: Permission denied
DOSBox version 0.74-3
Copyright 2002-2019 DOSBox Team, published under GNU GPL.
---
CONFIG:Loading primary settings from config file <N2_RUNS>/20260428-224314-pass157-082b-dungeon-control-probe/click_right_panel/dosbox-pass157.conf
MIXER:No Sound Mode Selected.
ALSA:Can't open sequencer
MIDI:Opened device:none
Capturing Screenshot to <N2_RUNS>/20260428-224314-pass157-082b-dungeon-control-probe/click_right_panel/anim_000.png
Capturing Screenshot to <N2_RUNS>/20260428-224314-pass157-082b-dungeon-control-probe/click_right_panel/selector_000.png
Capturing Screenshot to <N2_RUNS>/20260428-224314-pass157-082b-dungeon-control-probe/click_right_panel/selector_000.png
Capturing Screenshot to <N2_RUNS>/20260428-224314-pass157-082b-dungeon-control-probe/click_right_panel/selector_000.png
Capturing Screenshot to <N2_RUNS>/20260428-224314-pass157-082b-dungeon-control-probe/click_right_panel/selector_000.png
Capturing Screenshot to <N2_RUNS>/20260428-224314-pass157-082b-dungeon-control-probe/click_right_panel/selector_000.png
Capturing Screenshot to <N2_RUNS>/20260428-224314-pass157-082b-dungeon-control-probe/click_right_panel/selector_000.png
Capturing Screenshot to <N2_RUNS>/20260428-224314-pass157-082b-dungeon-control-probe/click_right_panel/selector_000.png
Capturing Screenshot to <N2_RUNS>/20260428-224314-pass157-082b-dungeon-control-probe/click_right_panel/selector_000.png
Capturing Screenshot to <N2_RUNS>/20260428-224314-pass157-082b-dungeon-control-probe/click_right_panel/fires_000.png
Capturing Screenshot to <N2_RUNS>/20260428-224314-pass157-082b-dungeon-control-probe/click_right_panel/fires_000.png
Capturing Screenshot to <N2_RUNS>/20260428-224314-pass157-082b-dungeon-control-probe/click_right_panel/fires_000.png
Capturing Screenshot to <N2_RUNS>/20260428-224314-pass157-082b-dungeon-control-probe/click_right_panel/fires_000.png
Capturing Screenshot to <N2_RUNS>/20260428-224314-pass157-082b-dungeon-control-probe/click_right_panel/fires_000.png
Capturing Screenshot to <N2_RUNS>/20260428-224314-pass157-082b-dungeon-control-probe/click_right_panel/fires_000.png
