window-found 4194321 via search --class DOSBox
window-found 4194330 via search --class DOSBox
capture initial anim_000.png sha=ceb0c2eec633
window-found 4194330 via search --class DOSBox
key Return
window-found 4194330 via search --class DOSBox
capture key_Return_2 selector_000.png sha=014ed52c71a0
window-found 4194330 via search --class DOSBox
capture after_enter selector_000.png sha=014ed52c71a0
window-found 4194330 via search --class DOSBox
key F1
window-found 4194330 via search --class DOSBox
capture key_F1_4 selector_000.png sha=e8a02e3f9758
window-found 4194330 via search --class DOSBox
capture after_f1_candidate selector_000.png sha=7addedda4327
window-found 4194330 via search --class DOSBox
click 235,52 mapped 471,105 window=640x400
window-found 4194330 via search --class DOSBox
capture click_235_52_6 selector_000.png sha=2456e272bbda
window-found 4194330 via search --class DOSBox
capture after_panel_click_235_52 fires_000.png sha=17bd7e878157
window-found 4194330 via search --class DOSBox
click 276,158 mapped 553,317 window=640x400
window-found 4194330 via search --class DOSBox
capture click_276_158_8 fires_000.png sha=17bd7e878157
window-found 4194330 via search --class DOSBox
capture after_panel_click_276_158 fires_000.png sha=17bd7e878157
window-found 4194330 via search --class DOSBox
key Up
window-found 4194330 via search --class DOSBox
capture key_Up_10 fires_000.png sha=48ed3743ab6a
window-found 4194330 via search --class DOSBox
capture after_move_up fires_000.png sha=48ed3743ab6a
window-found 4194330 via search --class DOSBox
key Right
window-found 4194330 via search --class DOSBox
capture key_Right_12 fires_000.png sha=48ed3743ab6a
window-found 4194330 via search --class DOSBox
capture after_turn_right fires_000.png sha=48ed3743ab6a
window-found 4194330 via search --class DOSBox
key Left
window-found 4194330 via search --class DOSBox
capture key_Left_14 fires_000.png sha=48ed3743ab6a
window-found 4194330 via search --class DOSBox
capture after_turn_left fires_000.png sha=48ed3743ab6a
window-found 4194330 via search --class DOSBox
key F1
window-found 4194330 via search --class DOSBox
capture key_F1_16 fires_000.png sha=48ed3743ab6a
window-found 4194330 via search --class DOSBox
capture after_f1_readiness fires_000.png sha=48ed3743ab6a
window-found 4194330 via search --class DOSBox
key F4
window-found 4194330 via search --class DOSBox
capture key_F4_18 fires_000.png sha=48ed3743ab6a
window-found 4194330 via search --class DOSBox
capture after_f4_readiness fires_000.png sha=48ed3743ab6a
