ALSA lib seq_hw.c:528:(snd_seq_hw_open) open /dev/snd/seq failed: Permission denied
DOSBox version 0.74-3
Copyright 2002-2019 DOSBox Team, published under GNU GPL.
---
CONFIG:Loading primary settings from config file /home/trv2/.openclaw/data/firestaff-n2-runs/20260429-012914-pass158-party-control-readiness-route-probe/pm_f1_candidate_inventory_reincarnate_then_readiness/dosbox-pass158.conf
MIXER:No Sound Mode Selected.
ALSA:Can't open sequencer
MIDI:Opened device:none
Capturing Screenshot to /home/trv2/.openclaw/data/firestaff-n2-runs/20260429-012914-pass158-party-control-readiness-route-probe/pm_f1_candidate_inventory_reincarnate_then_readiness/selector_000.png
Capturing Screenshot to /home/trv2/.openclaw/data/firestaff-n2-runs/20260429-012914-pass158-party-control-readiness-route-probe/pm_f1_candidate_inventory_reincarnate_then_readiness/selector_000.png
Capturing Screenshot to /home/trv2/.openclaw/data/firestaff-n2-runs/20260429-012914-pass158-party-control-readiness-route-probe/pm_f1_candidate_inventory_reincarnate_then_readiness/selector_000.png
Capturing Screenshot to /home/trv2/.openclaw/data/firestaff-n2-runs/20260429-012914-pass158-party-control-readiness-route-probe/pm_f1_candidate_inventory_reincarnate_then_readiness/selector_000.png
Capturing Screenshot to /home/trv2/.openclaw/data/firestaff-n2-runs/20260429-012914-pass158-party-control-readiness-route-probe/pm_f1_candidate_inventory_reincarnate_then_readiness/selector_000.png
Capturing Screenshot to /home/trv2/.openclaw/data/firestaff-n2-runs/20260429-012914-pass158-party-control-readiness-route-probe/pm_f1_candidate_inventory_reincarnate_then_readiness/selector_000.png
Capturing Screenshot to /home/trv2/.openclaw/data/firestaff-n2-runs/20260429-012914-pass158-party-control-readiness-route-probe/pm_f1_candidate_inventory_reincarnate_then_readiness/fires_000.png
Capturing Screenshot to /home/trv2/.openclaw/data/firestaff-n2-runs/20260429-012914-pass158-party-control-readiness-route-probe/pm_f1_candidate_inventory_reincarnate_then_readiness/fires_000.png
Capturing Screenshot to /home/trv2/.openclaw/data/firestaff-n2-runs/20260429-012914-pass158-party-control-readiness-route-probe/pm_f1_candidate_inventory_reincarnate_then_readiness/fires_000.png
Capturing Screenshot to /home/trv2/.openclaw/data/firestaff-n2-runs/20260429-012914-pass158-party-control-readiness-route-probe/pm_f1_candidate_inventory_reincarnate_then_readiness/fires_000.png
Capturing Screenshot to /home/trv2/.openclaw/data/firestaff-n2-runs/20260429-012914-pass158-party-control-readiness-route-probe/pm_f1_candidate_inventory_reincarnate_then_readiness/fires_000.png
Capturing Screenshot to /home/trv2/.openclaw/data/firestaff-n2-runs/20260429-012914-pass158-party-control-readiness-route-probe/pm_f1_candidate_inventory_reincarnate_then_readiness/fires_000.png
Capturing Screenshot to /home/trv2/.openclaw/data/firestaff-n2-runs/20260429-012914-pass158-party-control-readiness-route-probe/pm_f1_candidate_inventory_reincarnate_then_readiness/fires_000.png
